<?xml version="1.0" encoding="UTF-8"?>
<!-- Generated by org.testng.reporters.JUnitReportReporter -->
<testsuite hostname="LAPTOP-OHO69TLH" failures="0" tests="1" name="TestingMaven.Maven.AppTest" time="0.015" errors="0" timestamp="2021-04-27T20:26:43 IST" skipped="0">
  <testcase classname="TestingMaven.Maven.AppTest" name="SignIn" time="0.015"/>
  <system-out/>
</testsuite> <!-- TestingMaven.Maven.AppTest -->
