<?xml version="1.0" encoding="UTF-8"?>
<!-- Generated by org.testng.reporters.JUnitReportReporter -->
<testsuite hostname="LAPTOP-OHO69TLH" failures="0" tests="1" name="TestingMaven.Maven.WebTest" time="19.230" errors="0" timestamp="2021-04-28T16:04:49 IST" skipped="0">
  <testcase classname="TestingMaven.Maven.WebTest" name="LogIn" time="19.230"/>
  <system-out/>
</testsuite> <!-- TestingMaven.Maven.WebTest -->
