<?xml version="1.0" encoding="UTF-8"?>
<!-- Generated by org.testng.reporters.JUnitReportReporter -->
<testsuite hostname="LAPTOP-OHO69TLH" failures="0" tests="1" name="TestingMaven.Maven.AppTest" time="0.014" errors="0" timestamp="27 Apr 2021 15:09:46 GMT" skipped="0">
  <testcase classname="TestingMaven.Maven.AppTest" name="SignIn" time="0.014"/>
</testsuite> <!-- TestingMaven.Maven.AppTest -->
