<?xml version="1.0" encoding="UTF-8"?>
<!-- Generated by org.testng.reporters.JUnitReportReporter -->
<testsuite hostname="LAPTOP-OHO69TLH" failures="0" tests="2" name="TestingMaven.Maven.WebTest" time="0.011" errors="0" timestamp="27 Apr 2021 15:10:02 GMT" skipped="0">
  <testcase classname="TestingMaven.Maven.WebTest" name="LogIn" time="0.011"/>
  <testcase classname="TestingMaven.Maven.WebTest" name="LogOut" time="0.000"/>
</testsuite> <!-- TestingMaven.Maven.WebTest -->
